<?xml version="1.0" encoding="UTF-8"?>
<testsuite name="com.maxnumber.MaximumNumberTest" tests="1" skipped="0" failures="0" errors="0" timestamp="2021-05-18T17:13:51" hostname="LAPTOP-JK99497U" time="0.053">
  <properties/>
  <testcase name="given_3_Strings_1stPosition_returnSameString()" classname="com.maxnumber.MaximumNumberTest" time="0.053"/>
  <system-out><![CDATA[]]></system-out>
  <system-err><![CDATA[]]></system-err>
</testsuite>
