<?xml version="1.0" encoding="UTF-8"?>
<testsuite name="com.maxnumber.MaximumNumberTest" tests="3" skipped="0" failures="0" errors="0" timestamp="2021-05-18T14:31:45" hostname="LAPTOP-JK99497U" time="0.052">
  <properties/>
  <testcase name="givenMaxNumber1stPosition_returnSameNumber()" classname="com.maxnumber.MaximumNumberTest" time="0.036"/>
  <testcase name="givenMaxNumber3rd_Position_returnSameNumber()" classname="com.maxnumber.MaximumNumberTest" time="0.002"/>
  <testcase name="givenMaxNumber2nd_Position_returnSameNumber()" classname="com.maxnumber.MaximumNumberTest" time="0.009"/>
  <system-out><![CDATA[]]></system-out>
  <system-err><![CDATA[]]></system-err>
</testsuite>
