<?xml version="1.0" encoding="UTF-8"?>
<testsuite name="com.maxnumber.MaximumNumberTest" tests="1" skipped="0" failures="0" errors="0" timestamp="2021-05-19T03:31:07" hostname="LAPTOP-JK99497U" time="0.025">
  <properties/>
  <testcase name="givenMaxNumber1stPosition_returnSameNumber()" classname="com.maxnumber.MaximumNumberTest" time="0.025"/>
  <system-out><![CDATA[]]></system-out>
  <system-err><![CDATA[]]></system-err>
</testsuite>
