<?xml version="1.0" encoding="UTF-8"?>
<testsuite name="com.maxnumber.MaximumNumberTest" tests="9" skipped="0" failures="0" errors="0" timestamp="2021-05-19T01:41:51" hostname="LAPTOP-JK99497U" time="0.073">
  <properties/>
  <testcase name="given_3_Strings_1stPosition_returnSameString()" classname="com.maxnumber.MaximumNumberTest" time="0.043"/>
  <testcase name="given_3_floatNumber_2ndPosition_returnSameNumber()" classname="com.maxnumber.MaximumNumberTest" time="0.003"/>
  <testcase name="givenMaxNumber1stPosition_returnSameNumber()" classname="com.maxnumber.MaximumNumberTest" time="0.002"/>
  <testcase name="given_3_floatNumber_1stPosition_returnSameNumber()" classname="com.maxnumber.MaximumNumberTest" time="0.002"/>
  <testcase name="given_3_Strings_3rdPosition_returnSameString()" classname="com.maxnumber.MaximumNumberTest" time="0.003"/>
  <testcase name="givenMaxNumber3rd_Position_returnSameNumber()" classname="com.maxnumber.MaximumNumberTest" time="0.001"/>
  <testcase name="given_3_Strings_2ndPosition_returnSameString()" classname="com.maxnumber.MaximumNumberTest" time="0.001"/>
  <testcase name="givenMaxNumber2nd_Position_returnSameNumber()" classname="com.maxnumber.MaximumNumberTest" time="0.002"/>
  <testcase name="given_3_floatNumber_3rdPosition_returnSameNumber()" classname="com.maxnumber.MaximumNumberTest" time="0.001"/>
  <system-out><![CDATA[]]></system-out>
  <system-err><![CDATA[]]></system-err>
</testsuite>
