<?xml version="1.0" encoding="UTF-8"?>
<testsuite name="com.maxnumber.MaximumNumberTest" tests="1" skipped="0" failures="0" errors="0" timestamp="2021-05-18T16:09:45" hostname="LAPTOP-JK99497U" time="0.05">
  <properties/>
  <testcase name="given_3_floatNumber_3rdPosition_returnSameNumber()" classname="com.maxnumber.MaximumNumberTest" time="0.05"/>
  <system-out><![CDATA[]]></system-out>
  <system-err><![CDATA[]]></system-err>
</testsuite>
